<?xml version="1.0" encoding="UTF-8"?>
<!-- Generated by org.testng.reporters.JUnitReportReporter -->
<testsuite hostname="mypc-PC" failures="0" tests="1" name="QATOOLS.mouseactions" time="3.441" errors="0" timestamp="2021-04-15T22:36:53 IST" skipped="0">
  <testcase classname="QATOOLS.mouseactions" name="f" time="3.441"/>
  <system-out/>
</testsuite> <!-- QATOOLS.mouseactions -->
