<?xml version="1.0" encoding="UTF-8"?>
<!-- Generated by org.testng.reporters.JUnitReportReporter -->
<testsuite hostname="mypc-PC" failures="0" tests="1" name="Pavan.fb" time="0.314" errors="0" timestamp="2021-04-14T20:17:37 IST" skipped="0">
  <testcase classname="Pavan.fb" name="login" time="0.314"/>
  <system-out/>
</testsuite> <!-- Pavan.fb -->
