<?xml version="1.0" encoding="UTF-8"?>
<!-- Generated by org.testng.reporters.JUnitReportReporter -->
<testsuite hostname="mypc-PC" failures="0" tests="3" name="QATOOLS.Informationcommand" time="14.581" errors="0" timestamp="2021-04-17T10:32:24 IST" skipped="0">
  <testcase classname="QATOOLS.Informationcommand" name="f" time="10.077"/>
  <system-out/>
  <testcase classname="QATOOLS.Informationcommand" name="iamfeelinglucky" time="2.066"/>
  <system-out/>
  <testcase classname="QATOOLS.Informationcommand" name="googleapps" time="2.438"/>
  <system-out/>
</testsuite> <!-- QATOOLS.Informationcommand -->
