<?xml version="1.0" encoding="UTF-8"?>
<!-- Generated by org.testng.reporters.JUnitReportReporter -->
<testsuite hostname="mypc-PC" failures="0" tests="1" name="QATOOLS.Firstselectedoption" time="0.203" errors="0" timestamp="2021-04-17T08:21:26 IST" skipped="0">
  <testcase classname="QATOOLS.Firstselectedoption" name="f" time="0.203"/>
  <system-out/>
</testsuite> <!-- QATOOLS.Firstselectedoption -->
