<?xml version="1.0" encoding="UTF-8"?>
<!-- Generated by org.testng.reporters.JUnitReportReporter -->
<testsuite hostname="mypc-PC" failures="0" tests="1" name="QATOOLS.SCREENSHOT" time="3.536" errors="0" timestamp="2021-04-21T14:50:39 IST" skipped="0">
  <testcase classname="QATOOLS.SCREENSHOT" name="f" time="3.536"/>
  <system-out/>
</testsuite> <!-- QATOOLS.SCREENSHOT -->
