<?xml version="1.0" encoding="UTF-8"?>
<!-- Generated by org.testng.reporters.JUnitReportReporter -->
<testsuite hostname="mypc-PC" failures="0" tests="1" name="QATOOLS.NewTest" time="0.088" errors="0" timestamp="2021-04-16T18:16:37 IST" skipped="0">
  <testcase classname="QATOOLS.NewTest" name="alert" time="0.088"/>
  <system-out/>
</testsuite> <!-- QATOOLS.NewTest -->
